0 info it worked if it ends with ok
1 verbose cli [
1 verbose cli   'C:\\Program Files (x86)\\Nodist\\v-x64\\12.18.0\\node.exe',
1 verbose cli   'C:\\Program Files (x86)\\Nodist\\npmv\\4.0.5\\bin\\npm-cli.js',
1 verbose cli   'run',
1 verbose cli   'compile'
1 verbose cli ]
2 info using npm@4.0.5
3 info using node@v12.18.0
4 verbose run-script [ 'precompile', 'compile', 'postcompile' ]
5 info lifecycle alurabank@1.0.0~precompile: alurabank@1.0.0
6 warn lifecycle The node binary used for scripts is C:\Program Files (x86)\Nodist\bin\node.exe but npm is using C:\Program Files (x86)\Nodist\v-x64\12.18.0\node.exe itself. Use the `--scripts-prepend-node-path` option to include the path for the node binary npm was executed with.
7 silly lifecycle alurabank@1.0.0~precompile: no script for precompile, continuing
8 info lifecycle alurabank@1.0.0~compile: alurabank@1.0.0
9 verbose lifecycle alurabank@1.0.0~compile: unsafe-perm in lifecycle true
10 verbose lifecycle alurabank@1.0.0~compile: PATH: C:\Program Files (x86)\Nodist\npmv\4.0.5\bin\node-gyp-bin;C:\workspace\zTestes\javascript\type-script\typescript-curso-1\node_modules\.bin;C:\Users\cmatos\bin;C:\Program Files\Git\mingw64\bin;C:\Program Files\Git\usr\local\bin;C:\Program Files\Git\usr\bin;C:\Program Files\Git\usr\bin;C:\Program Files\Git\cmd;C:\Program Files\Git\usr\bin;C:\opt\commander\vendor\conemu-maximus5\ConEmu\Scripts;C:\opt\commander\vendor\conemu-maximus5;C:\opt\commander\vendor\conemu-maximus5\ConEmu;C:\Python37\Scripts;C:\Python37;C:\Program Files (x86)\RSA SecurID Token Common;C:\tools\ruby25\bin;C:\ProgramData\Oracle\Java\javapath;C:\WINDOWS\system32;C:\WINDOWS;C:\WINDOWS\System32\Wbem;C:\WINDOWS\System32\WindowsPowerShell\v1.0;C:\ProgramData\chocolatey\bin;C:\Program Files\Java\jdk1.8.0_191\bin;C:\opt\maven\apache-maven-3.6.3\bin;C:\Program Files (x86)\Nodist\bin;C:\Program Files (x86)\Nodist\bin\bin;C:\Program Files\TortoiseSVN\bin;C:\workspace\utils\kubeuol;C:\opt\kubetail-master;C:\Android\android-sdk\tools;C:\Android\android-sdk\platform-tools;C:\Android\android-sdk\tools\bin;C:\Android\android-sdk\emulator;C:\Android\android-sdk\platform-tools\adb.exe;C:\opt\saca;C:\WINDOWS\System32\OpenSSH;C:\Program Files\Git\cmd;C:\Program Files\Docker\Docker\resources\bin;C:\ProgramData\DockerDesktop\version-bin;C:\Users\cmatos\AppData\Local\Microsoft\WindowsApps;C:\Users\cmatos\AppData\Local\Programs\Microsoft VS Code\bin;C:\tools\mysql\current\bin;C:\Users\cmatos\AppData\Local\Microsoft\WindowsApps;C:\Program Files\Git\usr\bin\vendor_perl;C:\Program Files\Git\usr\bin\core_perl
11 verbose lifecycle alurabank@1.0.0~compile: CWD: C:\workspace\zTestes\javascript\type-script\typescript-curso-1
12 silly lifecycle alurabank@1.0.0~compile: Args: [ '/d /s /c', 'tsc' ]
13 silly lifecycle alurabank@1.0.0~compile: Returned: code: 1  signal: null
14 info lifecycle alurabank@1.0.0~compile: Failed to exec compile script
15 verbose stack Error: alurabank@1.0.0 compile: `tsc`
15 verbose stack Exit status 1
15 verbose stack     at EventEmitter.<anonymous> (C:\Program Files (x86)\Nodist\npmv\4.0.5\lib\utils\lifecycle.js:279:16)
15 verbose stack     at EventEmitter.emit (events.js:315:20)
15 verbose stack     at ChildProcess.<anonymous> (C:\Program Files (x86)\Nodist\npmv\4.0.5\lib\utils\spawn.js:40:14)
15 verbose stack     at ChildProcess.emit (events.js:315:20)
15 verbose stack     at maybeClose (internal/child_process.js:1021:16)
15 verbose stack     at Process.ChildProcess._handle.onexit (internal/child_process.js:286:5)
16 verbose pkgid alurabank@1.0.0
17 verbose cwd C:\workspace\zTestes\javascript\type-script\typescript-curso-1
18 error Windows_NT 10.0.19043
19 error argv "C:\\Program Files (x86)\\Nodist\\v-x64\\12.18.0\\node.exe" "C:\\Program Files (x86)\\Nodist\\npmv\\4.0.5\\bin\\npm-cli.js" "run" "compile"
20 error node v12.18.0
21 error npm  v4.0.5
22 error code ELIFECYCLE
23 error alurabank@1.0.0 compile: `tsc`
23 error Exit status 1
24 error Failed at the alurabank@1.0.0 compile script 'tsc'.
24 error Make sure you have the latest version of node.js and npm installed.
24 error If you do, this is most likely a problem with the alurabank package,
24 error not with npm itself.
24 error Tell the author that this fails on your system:
24 error     tsc
24 error You can get information on how to open an issue for this project with:
24 error     npm bugs alurabank
24 error Or if that isn't available, you can get their info via:
24 error     npm owner ls alurabank
24 error There is likely additional logging output above.
25 verbose exit [ 1, true ]
